[    0.000000] Linux version 4.15.0-213-generic (buildd@lcy02-amd64-079) (gcc version 7.5.0 (Ubuntu 7.5.0-3ubuntu1~18.04)) #224-Ubuntu SMP Mon Jun 19 13:30:12 UTC 2023 (Ubuntu 4.15.0-213.224-generic 4.15.18)
[    0.000000] Command line: BOOT_IMAGE=/boot/vmlinuz-4.15.0-213-generic root=UUID=f685bb41-0e3b-40c4-89c1-eea0f0583525 ro console=tty1 console=ttyS0
[    0.000000] KERNEL supported cpus:
[    0.000000]   Intel GenuineIntel
[    0.000000]   AMD AuthenticAMD
[    0.000000]   Centaur CentaurHauls
[    0.000000] x86/fpu: Supporting XSAVE feature 0x001: 'x87 floating point registers'
[    0.000000] x86/fpu: Supporting XSAVE feature 0x002: 'SSE registers'
[    0.000000] x86/fpu: Supporting XSAVE feature 0x004: 'AVX registers'
[    0.000000] x86/fpu: xstate_offset[2]:  576, xstate_sizes[2]:  256
[    0.000000] x86/fpu: Enabled xstate features 0x7, context size is 832 bytes, using 'standard' format.
[    0.000000] e820: BIOS-provided physical RAM map:
[    0.000000] BIOS-e820: [mem 0x0000000000000000-0x000000000009fbff] usable
[    0.000000] BIOS-e820: [mem 0x000000000009fc00-0x000000000009ffff] reserved
[    0.000000] BIOS-e820: [mem 0x00000000000f0000-0x00000000000fffff] reserved
[    0.000000] BIOS-e820: [mem 0x0000000000100000-0x000000003ffeffff] usable
[    0.000000] BIOS-e820: [mem 0x000000003fff0000-0x000000003fffffff] ACPI data
[    0.000000] BIOS-e820: [mem 0x00000000fec00000-0x00000000fec00fff] reserved
[    0.000000] BIOS-e820: [mem 0x00000000fee00000-0x00000000fee00fff] reserved
[    0.000000] BIOS-e820: [mem 0x00000000fffc0000-0x00000000ffffffff] reserved
[    0.000000] NX (Execute Disable) protection: active
[    0.000000] SMBIOS 2.5 present.
[    0.000000] DMI: innotek GmbH VirtualBox/VirtualBox, BIOS VirtualBox 12/01/2006
[    0.000000] Hypervisor detected: KVM
[    0.000000] e820: last_pfn = 0x3fff0 max_arch_pfn = 0x400000000
[    0.000000] x86/PAT: Configuration [0-7]: WB  WC  UC- UC  WB  WP  UC- WT  
[    0.000000] found SMP MP-table at [mem 0x0009fbf0-0x0009fbff]
[    0.000000] Scanning 1 areas for low memory corruption
[    0.000000] RAMDISK: [mem 0x35819000-0x36c03fff]
[    0.000000] ACPI: Early table checksum verification disabled
[    0.000000] ACPI: RSDP 0x00000000000E0000 000024 (v02 VBOX  )
[    0.000000] ACPI: XSDT 0x000000003FFF0030 00003C (v01 VBOX   VBOXXSDT 00000001 ASL  00000061)
[    0.000000] ACPI: FACP 0x000000003FFF00F0 0000F4 (v04 VBOX   VBOXFACP 00000001 ASL  00000061)
[    0.000000] ACPI: DSDT 0x000000003FFF0610 002353 (v02 VBOX   VBOXBIOS 00000002 INTL 20100528)
[    0.000000] ACPI: FACS 0x000000003FFF0200 000040
[    0.000000] ACPI: FACS 0x000000003FFF0200 000040
[    0.000000] ACPI: APIC 0x000000003FFF0240 00005C (v02 VBOX   VBOXAPIC 00000001 ASL  00000061)
[    0.000000] ACPI: SSDT 0x000000003FFF02A0 00036C (v01 VBOX   VBOXCPUT 00000002 INTL 20100528)
[    0.000000] ACPI: Reserving FACP table memory at [mem 0x3fff00f0-0x3fff01e3]
[    0.000000] ACPI: Reserving DSDT table memory at [mem 0x3fff0610-0x3fff2962]
[    0.000000] ACPI: Reserving FACS table memory at [mem 0x3fff0200-0x3fff023f]
[    0.000000] ACPI: Reserving FACS table memory at [mem 0x3fff0200-0x3fff023f]
[    0.000000] ACPI: Reserving APIC table memory at [mem 0x3fff0240-0x3fff029b]
[    0.000000] ACPI: Reserving SSDT table memory at [mem 0x3fff02a0-0x3fff060b]
[    0.000000] No NUMA configuration found
[    0.000000] Faking a node at [mem 0x0000000000000000-0x000000003ffeffff]
[    0.000000] NODE_DATA(0) allocated [mem 0x3ffc5000-0x3ffeffff]
[    0.000000] kvm-clock: cpu 0, msr 0:3ff44001, primary cpu clock
[    0.000000] kvm-clock: Using msrs 4b564d01 and 4b564d00
[    0.000000] kvm-clock: using sched offset of 3402203672 cycles
[    0.000000] clocksource: kvm-clock: mask: 0xffffffffffffffff max_cycles: 0x1cd42e4dffb, max_idle_ns: 881590591483 ns
[    0.000000] Zone ranges:
[    0.000000]   DMA      [mem 0x0000000000001000-0x0000000000ffffff]
[    0.000000]   DMA32    [mem 0x0000000001000000-0x000000003ffeffff]
[    0.000000]   Normal   empty
[    0.000000]   Device   empty
[    0.000000] Movable zone start for each node
[    0.000000] Early memory node ranges
[    0.000000]   node   0: [mem 0x0000000000001000-0x000000000009efff]
[    0.000000]   node   0: [mem 0x0000000000100000-0x000000003ffeffff]
[    0.000000] Reserved but unavailable: 104 pages
[    0.000000] Initmem setup node 0 [mem 0x0000000000001000-0x000000003ffeffff]
[    0.000000] ACPI: PM-Timer IO Port: 0x4008
[    0.000000] IOAPIC[0]: apic_id 2, version 32, address 0xfec00000, GSI 0-23
[    0.000000] ACPI: INT_SRC_OVR (bus 0 bus_irq 0 global_irq 2 dfl dfl)
[    0.000000] ACPI: INT_SRC_OVR (bus 0 bus_irq 9 global_irq 9 low level)
[    0.000000] Using ACPI (MADT) for SMP configuration information
[    0.000000] smpboot: Allowing 2 CPUs, 0 hotplug CPUs
[    0.000000] PM: Registered nosave memory: [mem 0x00000000-0x00000fff]
[    0.000000] PM: Registered nosave memory: [mem 0x0009f000-0x0009ffff]
[    0.000000] PM: Registered nosave memory: [mem 0x000a0000-0x000effff]
[    0.000000] PM: Registered nosave memory: [mem 0x000f0000-0x000fffff]
[    0.000000] e820: [mem 0x40000000-0xfebfffff] available for PCI devices
[    0.000000] Booting paravirtualized kernel on KVM
[    0.000000] clocksource: refined-jiffies: mask: 0xffffffff max_cycles: 0xffffffff, max_idle_ns: 7645519600211568 ns
[    0.000000] setup_percpu: NR_CPUS:8192 nr_cpumask_bits:2 nr_cpu_ids:2 nr_node_ids:1
[    0.000000] percpu: Embedded 50 pages/cpu s167936 r8192 d28672 u1048576
[    0.000000] PV qspinlock hash table entries: 256 (order: 0, 4096 bytes)
[    0.000000] Built 1 zonelists, mobility grouping on.  Total pages: 257913
[    0.000000] Policy zone: DMA32
[    0.000000] Kernel command line: BOOT_IMAGE=/boot/vmlinuz-4.15.0-213-generic root=UUID=f685bb41-0e3b-40c4-89c1-eea0f0583525 ro console=tty1 console=ttyS0
[    0.000000] Memory: 981776K/1048120K available (12300K kernel code, 2477K rwdata, 4324K rodata, 2480K init, 2720K bss, 66344K reserved, 0K cma-reserved)
[    0.000000] SLUB: HWalign=64, Order=0-3, MinObjects=0, CPUs=2, Nodes=1
[    0.000000] Kernel/User page tables isolation: enabled
[    0.000000] ftrace: allocating 39508 entries in 155 pages
[    0.004000] Hierarchical RCU implementation.
[    0.004000] 	RCU restricting CPUs from NR_CPUS=8192 to nr_cpu_ids=2.
[    0.004000] 	Tasks RCU enabled.
[    0.004000] RCU: Adjusting geometry for rcu_fanout_leaf=16, nr_cpu_ids=2
[    0.004000] NR_IRQS: 524544, nr_irqs: 440, preallocated irqs: 16
[    0.004000] random: crng init done
[    0.004000] Console: colour VGA+ 80x25
[    0.004000] console [tty1] enabled
[    0.004000] console [ttyS0] enabled
[    0.004000] ACPI: Core revision 20170831
[    0.004000] ACPI: 2 ACPI AML tables successfully acquired and loaded
[    0.004000] APIC: Switch to symmetric I/O mode setup
[    0.004000] x2apic enabled
[    0.004000] Switched APIC routing to physical x2apic.
[    0.004000] ..TIMER: vector=0x30 apic1=0 pin1=2 apic2=-1 pin2=-1
[    0.004005] tsc: Detected 2712.004 MHz processor
[    0.004933] Calibrating delay loop (skipped) preset value.. 5424.00 BogoMIPS (lpj=10848016)
[    0.005683] pid_max: default: 32768 minimum: 301
[    0.008043] Security Framework initialized
[    0.008913] Yama: becoming mindful.
[    0.009662] AppArmor: AppArmor initialized
[    0.012112] Dentry cache hash table entries: 131072 (order: 8, 1048576 bytes)
[    0.016079] Inode-cache hash table entries: 65536 (order: 7, 524288 bytes)
[    0.017434] Mount-cache hash table entries: 2048 (order: 2, 16384 bytes)
[    0.018738] Mountpoint-cache hash table entries: 2048 (order: 2, 16384 bytes)
[    0.020410] Last level iTLB entries: 4KB 64, 2MB 8, 4MB 8
[    0.021771] Last level dTLB entries: 4KB 64, 2MB 0, 4MB 0, 1GB 4
[    0.024009] Spectre V1 : Mitigation: usercopy/swapgs barriers and __user pointer sanitization
[    0.026024] Spectre V2 : Mitigation: Retpolines
[    0.026960] Spectre V2 : Spectre v2 / SpectreRSB mitigation: Filling RSB on context switch
[    0.028003] Spectre V2 : Spectre v2 / SpectreRSB : Filling RSB on VMEXIT
[    0.029689] RETBleed: WARNING: Spectre v2 mitigation leaves CPU vulnerable to RETBleed attacks, data leaks possible!
[    0.032004] RETBleed: Vulnerable
[    0.032702] Speculative Store Bypass: Vulnerable
[    0.033776] MDS: Mitigation: Clear CPU buffers
[    0.034682] MMIO Stale Data: Mitigation: Clear CPU buffers
[    0.036004] SRBDS: Unknown: Dependent on hypervisor status
[    0.037320] Freeing SMP alternatives memory: 36K
[    0.149622] smpboot: CPU0: Intel(R) Core(TM) i5-7200U CPU @ 2.50GHz (family: 0x6, model: 0x8e, stepping: 0x9)
[    0.152000] Performance Events: unsupported p6 CPU model 142 no PMU driver, software events only.
[    0.152034] Hierarchical SRCU implementation.
[    0.153484] NMI watchdog: Perf event create on CPU 0 failed with -2
[    0.154737] NMI watchdog: Perf NMI watchdog permanently disabled
[    0.155971] smp: Bringing up secondary CPUs ...
[    0.156123] x86: Booting SMP configuration:
[    0.156985] .... node  #0, CPUs:      #1
[    0.004000] kvm-clock: cpu 1, msr 0:3ff44041, secondary cpu clock
[    0.160047] smp: Brought up 1 node, 2 CPUs
[    0.161187] smpboot: Max logical packages: 1
[    0.164007] smpboot: Total of 2 processors activated (10848.01 BogoMIPS)
[    0.165888] devtmpfs: initialized
[    0.165888] x86/mm: Memory block size: 128MB
[    0.166027] evm: security.selinux
[    0.168004] evm: security.SMACK64
[    0.168923] evm: security.SMACK64EXEC
[    0.169815] evm: security.SMACK64TRANSMUTE
[    0.172004] evm: security.SMACK64MMAP
[    0.172906] evm: security.apparmor
[    0.173712] evm: security.ima
[    0.174356] evm: security.capability
[    0.176089] clocksource: jiffies: mask: 0xffffffff max_cycles: 0xffffffff, max_idle_ns: 7645041785100000 ns
[    0.177976] futex hash table entries: 512 (order: 3, 32768 bytes)
[    0.180138] pinctrl core: initialized pinctrl subsystem
[    0.184000] RTC time: 16:27:40, date: 05/29/25
[    0.184186] NET: Registered protocol family 16
[    0.185276] audit: initializing netlink subsys (disabled)
[    0.188034] audit: type=2000 audit(1748536065.578:1): state=initialized audit_enabled=0 res=1
[    0.189800] cpuidle: using governor ladder
[    0.189800] cpuidle: using governor menu
[    0.190067] ACPI: bus type PCI registered
[    0.192009] acpiphp: ACPI Hot Plug PCI Controller Driver version: 0.5
[    0.193778] PCI: Using configuration type 1 for base access
[    0.197299] HugeTLB registered 2.00 MiB page size, pre-allocated 0 pages
[    0.197521] ACPI: Added _OSI(Module Device)
[    0.200009] ACPI: Added _OSI(Processor Device)
[    0.201018] ACPI: Added _OSI(3.0 _SCP Extensions)
[    0.202118] ACPI: Added _OSI(Processor Aggregator Device)
[    0.203273] ACPI: Added _OSI(Linux-Dell-Video)
[    0.204004] ACPI: Added _OSI(Linux-Lenovo-NV-HDMI-Audio)
[    0.205089] ACPI: Added _OSI(Linux-HPI-Hybrid-Graphics)
[    0.206609] ACPI: Executed 1 blocks of module-level executable AML code
[    0.213959] ACPI: Interpreter enabled
[    0.214836] ACPI: (supports S0 S5)
[    0.215647] ACPI: Using IOAPIC for interrupt routing
[    0.216344] PCI: Using host bridge windows from ACPI; if necessary, use "pci=nocrs" and report a bug
[    0.218566] ACPI: Enabled 2 GPEs in block 00 to 07
[    0.228770] ACPI: PCI Root Bridge [PCI0] (domain 0000 [bus 00-ff])
[    0.230354] acpi PNP0A03:00: _OSC: OS supports [ASPM ClockPM Segments MSI]
[    0.232000] acpi PNP0A03:00: _OSC: not requesting OS control; OS requires [ExtendedConfig ASPM ClockPM MSI]
[    0.232017] acpi PNP0A03:00: fail to add MMCONFIG information, can't access extended PCI configuration space under this bridge.
[    0.236502] PCI host bridge to bus 0000:00
[    0.237406] pci_bus 0000:00: root bus resource [io  0x0000-0x0cf7 window]
[    0.238793] pci_bus 0000:00: root bus resource [io  0x0d00-0xffff window]
[    0.240004] pci_bus 0000:00: root bus resource [mem 0x000a0000-0x000bffff window]
[    0.242498] pci_bus 0000:00: root bus resource [mem 0x40000000-0xfdffffff window]
[    0.244007] pci_bus 0000:00: root bus resource [bus 00-ff]
[    0.249358] pci 0000:00:01.1: legacy IDE quirk: reg 0x10: [io  0x01f0-0x01f7]
[    0.250857] pci 0000:00:01.1: legacy IDE quirk: reg 0x14: [io  0x03f6]
[    0.252000] pci 0000:00:01.1: legacy IDE quirk: reg 0x18: [io  0x0170-0x0177]
[    0.252004] pci 0000:00:01.1: legacy IDE quirk: reg 0x1c: [io  0x0376]
[    0.276842] pci 0000:00:07.0: quirk: [io  0x4000-0x403f] claimed by PIIX4 ACPI
[    0.278894] pci 0000:00:07.0: quirk: [io  0x4100-0x410f] claimed by PIIX4 SMB
[    0.295246] ACPI: PCI Interrupt Link [LNKA] (IRQs 5 9 10 *11)
[    0.296452] ACPI: PCI Interrupt Link [LNKB] (IRQs 5 9 *10 11)
[    0.297781] ACPI: PCI Interrupt Link [LNKC] (IRQs 5 *9 10 11)
[    0.299065] ACPI: PCI Interrupt Link [LNKD] (IRQs 5 9 10 *11)
[    0.300438] SCSI subsystem initialized
[    0.301381] pci 0000:00:02.0: vgaarb: setting as boot VGA device
[    0.301381] pci 0000:00:02.0: vgaarb: VGA device added: decodes=io+mem,owns=io+mem,locks=none
[    0.304010] pci 0000:00:02.0: vgaarb: bridge control possible
[    0.305381] vgaarb: loaded
[    0.306091] ACPI: bus type USB registered
[    0.308031] usbcore: registered new interface driver usbfs
[    0.309280] usbcore: registered new interface driver hub
[    0.310569] usbcore: registered new device driver usb
[    0.312109] EDAC MC: Ver: 3.0.0
[    0.313183] PCI: Using ACPI for IRQ routing
[    0.313248] NetLabel: Initializing
[    0.313977] NetLabel:  domain hash size = 128
[    0.316008] NetLabel:  protocols = UNLABELED CIPSOv4 CALIPSO
[    0.317261] NetLabel:  unlabeled traffic allowed by default
[    0.320062] clocksource: Switched to clocksource kvm-clock
[    0.341078] VFS: Disk quotas dquot_6.6.0
[    0.342169] VFS: Dquot-cache hash table entries: 512 (order 0, 4096 bytes)
[    0.343828] AppArmor: AppArmor Filesystem Enabled
[    0.345173] pnp: PnP ACPI init
[    0.347380] pnp: PnP ACPI: found 3 devices
[    0.357135] clocksource: acpi_pm: mask: 0xffffff max_cycles: 0xffffff, max_idle_ns: 2085701024 ns
[    0.359191] NET: Registered protocol family 2
[    0.360228] IP idents hash table entries: 16384 (order: 5, 131072 bytes)
[    0.365494] TCP established hash table entries: 8192 (order: 4, 65536 bytes)
[    0.366964] TCP bind hash table entries: 8192 (order: 5, 131072 bytes)
[    0.368573] TCP: Hash tables configured (established 8192 bind 8192)
[    0.369954] UDP hash table entries: 512 (order: 2, 16384 bytes)
[    0.371241] UDP-Lite hash table entries: 512 (order: 2, 16384 bytes)
[    0.372749] NET: Registered protocol family 1
[    0.373786] pci 0000:00:00.0: Limiting direct PCI/PCI transfers
[    0.375152] pci 0000:00:01.0: Activating ISA DMA hang workarounds
[    0.376574] pci 0000:00:02.0: Video device with shadowed ROM at [mem 0x000c0000-0x000dffff]
[    0.378854] Unpacking initramfs...
[    0.755983] Freeing initrd memory: 20396K
[    0.757102] clocksource: tsc: mask: 0xffffffffffffffff max_cycles: 0x27178a49c0e, max_idle_ns: 440795317528 ns
[    0.759305] platform rtc_cmos: registered platform RTC device (no PNP device found)
[    0.761079] Scanning for low memory corruption every 60 seconds
[    0.764033] Initialise system trusted keyrings
[    0.765077] Key type blacklist registered
[    0.766042] workingset: timestamp_bits=36 max_order=18 bucket_order=0
[    0.768705] zbud: loaded
[    0.770016] squashfs: version 4.0 (2009/01/31) Phillip Lougher
[    0.771772] fuse init (API version 7.26)
[    0.775465] Key type asymmetric registered
[    0.776801] Asymmetric key parser 'x509' registered
[    0.779045] Block layer SCSI generic (bsg) driver version 0.4 loaded (major 246)
[    0.781329] io scheduler noop registered
[    0.782290] io scheduler deadline registered
[    0.783429] io scheduler cfq registered (default)
[    0.785535] ACPI: AC Adapter [AC] (on-line)
[    0.786560] input: Power Button as /devices/LNXSYSTM:00/LNXPWRBN:00/input/input0
[    0.788755] ACPI: Power Button [PWRF]
[    0.790404] input: Sleep Button as /devices/LNXSYSTM:00/LNXSLPBN:00/input/input1
[    0.792276] ACPI: Sleep Button [SLPF]
[    0.795016] ACPI: Battery Slot [BAT0] (battery present)
[    0.796377] Serial: 8250/16550 driver, 32 ports, IRQ sharing enabled
[    0.819391] 00:02: ttyS0 at I/O 0x3f8 (irq = 4, base_baud = 115200) is a 16550A
[    0.824389] Linux agpgart interface v0.103
[    0.827269] loop: module loaded
[    0.829199] scsi host0: ata_piix
[    0.830428] scsi host1: ata_piix
[    0.831609] ata1: PATA max UDMA/33 cmd 0x1f0 ctl 0x3f6 bmdma 0xd000 irq 14
[    0.833066] ata2: PATA max UDMA/33 cmd 0x170 ctl 0x376 bmdma 0xd008 irq 15
[    0.834816] tun: Universal TUN/TAP device driver, 1.6
[    0.836620] PPP generic driver version 2.4.2
[    0.838174] ehci_hcd: USB 2.0 'Enhanced' Host Controller (EHCI) Driver
[    0.840648] ehci-pci: EHCI PCI platform driver
[    0.842464] ehci-platform: EHCI generic platform driver
[    0.843947] ohci_hcd: USB 1.1 'Open' Host Controller (OHCI) Driver
[    0.845961] ohci-pci: OHCI PCI platform driver
[    0.847054] ohci-platform: OHCI generic platform driver
[    0.848156] uhci_hcd: USB Universal Host Controller Interface driver
[    0.849555] i8042: PNP: PS/2 Controller [PNP0303:PS2K,PNP0f03:PS2M] at 0x60,0x64 irq 1,12
[    0.851704] serio: i8042 KBD port at 0x60,0x64 irq 1
[    0.852776] serio: i8042 AUX port at 0x60,0x64 irq 12
[    0.853873] mousedev: PS/2 mouse device common for all mice
[    0.855244] input: AT Translated Set 2 keyboard as /devices/platform/i8042/serio0/input/input2
[    0.857510] rtc_cmos rtc_cmos: rtc core: registered rtc_cmos as rtc0
[    0.859094] rtc_cmos rtc_cmos: alarms up to one day, 114 bytes nvram
[    0.860620] i2c /dev entries driver
[    0.861598] device-mapper: uevent: version 1.0.3
[    0.863240] device-mapper: ioctl: 4.37.0-ioctl (2017-09-20) initialised: dm-devel@redhat.com
[    0.865232] ledtrig-cpu: registered to indicate activity on CPUs
[    0.866756] NET: Registered protocol family 10
[    0.871754] Segment Routing with IPv6
[    0.872646] NET: Registered protocol family 17
[    0.873688] Key type dns_resolver registered
[    0.874827] mce: Using 0 MCE banks
[    0.875581] RAS: Correctable Errors collector initialized.
[    0.876920] sched_clock: Marking stable (876873757, 0)->(1084445006, -207571249)
[    0.879264] registered taskstats version 1
[    0.880357] Loading compiled-in X.509 certificates
[    0.883924] Loaded X.509 cert 'Build time autogenerated kernel key: cdc7189136aaa35407544516090e2034d9c28e14'
[    0.886476] Loaded X.509 cert 'Canonical Ltd. Live Patch Signing: 14df34d1a87cf37625abec039ef2bf521249b969'
[    0.888939] Loaded X.509 cert 'Canonical Ltd. Kernel Module Signing: 88f752e560a1e0737e31163a466ad7b70a850c19'
[    0.890996] blacklist: Loading compiled-in revocation X.509 certificates
[    0.892334] Loaded X.509 cert 'Canonical Ltd. Secure Boot Signing: 61482aa2830d0ab2ad5af10b7250da9033ddcef0'
[    0.894358] Loaded X.509 cert 'Canonical Ltd. Secure Boot Signing (2017): 242ade75ac4a15e50d50c84b0d45ff3eae707a03'
[    0.896938] Loaded X.509 cert 'Canonical Ltd. Secure Boot Signing (ESM 2018): 365188c1d374d6b07c3c8f240f8ef722433d6a8b'
[    0.899099] Loaded X.509 cert 'Canonical Ltd. Secure Boot Signing (2019): c0746fd6c5da3ae827864651ad66ae47fe24b3e8'
[    0.901504] Loaded X.509 cert 'Canonical Ltd. Secure Boot Signing (2021 v1): a8d54bbb3825cfb94fa13c9f8a594a195c107b8d'
[    0.903769] Loaded X.509 cert 'Canonical Ltd. Secure Boot Signing (2021 v2): 4cf046892d6fd3c9a5b03f98d845f90851dc6a8c'
[    0.906104] Loaded X.509 cert 'Canonical Ltd. Secure Boot Signing (2021 v3): 100437bb6de6e469b581e61cd66bce3ef4ed53af'
[    0.908514] Loaded X.509 cert 'Canonical Ltd. Secure Boot Signing (Ubuntu Core 2019): c1d57b8f6b743f23ee41f4f7ee292f06eecadfb9'
[    0.910970] zswap: loaded using pool lzo/zbud
[    0.916088] Key type big_key registered
[    0.917048] Key type trusted registered
[    0.919628] Key type encrypted registered
[    0.920543] AppArmor: AppArmor sha1 policy hashing enabled
[    0.921735] ima: No TPM chip found, activating TPM-bypass! (rc=-19)
[    0.923134] ima: Allocated hash algorithm: sha1
[    0.924205] evm: HMAC attrs: 0x1
[    0.925364]   Magic number: 9:796:490
[    0.926411] rtc_cmos rtc_cmos: setting system clock to 2025-05-29 16:27:41 UTC (1748536061)
[    0.928611] BIOS EDD facility v0.16 2004-Jun-25, 0 devices found
[    0.930047] EDD information not available.
[    1.030647] Freeing unused kernel image memory: 2480K
[    1.040304] Write protecting the kernel read-only data: 20480k
[    1.042690] Freeing unused kernel image memory: 2008K
[    1.044682] Freeing unused kernel image memory: 1820K
[    1.056515] x86/mm: Checked W+X mappings: passed, no W+X pages found.
[    1.058886] x86/mm: Checking user space page tables
[    1.074657] x86/mm: Checked W+X mappings: passed, no W+X pages found.
Loading, please wait...
starting version 237
[    1.170002] Fusion MPT base driver 3.04.20
[    1.170925] Copyright (c) 1999-2008 LSI Corporation
[    1.193687] e1000: Intel(R) PRO/1000 Network Driver - version 7.3.21-k8-NAPI
[    1.196222] e1000: Copyright (c) 1999-2006 Intel Corporation.
[    1.205603] Fusion MPT SPI Host driver 3.04.20
[    1.210520] AVX2 version of gcm_enc/dec engaged.
[    1.211774] AES CTR mode by8 optimization enabled
[    1.403205] input: ImExPS/2 Generic Explorer Mouse as /devices/platform/i8042/serio1/input/input4
[    1.593760] e1000 0000:00:03.0 eth0: (PCI:33MHz:32-bit) 02:3b:7b:b7:3b:2d
[    1.595506] e1000 0000:00:03.0 eth0: Intel(R) PRO/1000 Network Connection
[    1.598233] mptbase: ioc0: Initiating bringup
[    2.705735] ioc0: LSI53C1030 A0: Capabilities={Initiator}
[    5.757396] scsi host2: ioc0: LSI53C1030 A0, FwRev=00000000h, Ports=1, MaxQ=256, IRQ=20
[    8.380854] scsi 2:0:0:0: Direct-Access     VBOX     HARDDISK         1.0  PQ: 0 ANSI: 5
[    8.420136] scsi target2:0:0: Beginning Domain Validation
[    8.424226] scsi target2:0:0: Domain Validation skipping write tests
[    8.425741] scsi target2:0:0: Ending Domain Validation
[    8.427337] scsi target2:0:0: asynchronous
[    8.429813] scsi 2:0:1:0: Direct-Access     VBOX     HARDDISK         1.0  PQ: 0 ANSI: 5
[    8.740723] scsi target2:0:1: Beginning Domain Validation
[    8.745186] scsi target2:0:1: Domain Validation skipping write tests
[    8.746733] scsi target2:0:1: Ending Domain Validation
[    8.747949] scsi target2:0:1: asynchronous
[    8.753827] sd 2:0:0:0: Attached scsi generic sg0 type 0
[    8.753949] sd 2:0:0:0: [sda] 83886080 512-byte logical blocks: (42.9 GB/40.0 GiB)
[    8.756565] sd 2:0:1:0: Attached scsi generic sg1 type 0
[    8.757501] sd 2:0:0:0: [sda] Write Protect is off
[    8.760540] sd 2:0:0:0: [sda] Incomplete mode parameter data
[    8.762077] sd 2:0:0:0: [sda] Assuming drive cache: write through
[    8.762109] sd 2:0:1:0: [sdb] 20480 512-byte logical blocks: (10.5 MB/10.0 MiB)
[    8.766655] sd 2:0:1:0: [sdb] Write Protect is off
[    8.768206] sd 2:0:1:0: [sdb] Incomplete mode parameter data
[    8.769425] sd 2:0:1:0: [sdb] Assuming drive cache: write through
[    8.777549] sd 2:0:1:0: [sdb] Attached SCSI disk
[    8.780746] e1000 0000:00:08.0 eth1: (PCI:33MHz:32-bit) 08:00:27:2b:ff:2b
[    8.782333] e1000 0000:00:08.0 eth1: Intel(R) PRO/1000 Network Connection
[    8.784647]  sda: sda1
[    8.786193] sd 2:0:0:0: [sda] Attached SCSI disk
[    8.788342] e1000 0000:00:03.0 enp0s3: renamed from eth0
[    8.815732] e1000 0000:00:08.0 enp0s8: renamed from eth1
Begin: Loading essential drivers ... [   10.424108] raid6: sse2x1   gen() 10410 MB/s
[   10.472100] raid6: sse2x1   xor()  6749 MB/s
[   10.520099] raid6: sse2x2   gen() 10906 MB/s
[   10.568134] raid6: sse2x2   xor()  7364 MB/s
[   10.616059] raid6: sse2x4   gen() 11613 MB/s
[   10.664071] raid6: sse2x4   xor()  8999 MB/s
[   10.712031] raid6: avx2x1   gen() 20404 MB/s
[   10.760112] raid6: avx2x1   xor() 14511 MB/s
[   10.808057] raid6: avx2x2   gen() 24046 MB/s
[   10.856068] raid6: avx2x2   xor() 15669 MB/s
[   10.904056] raid6: avx2x4   gen() 27905 MB/s
[   10.952072] raid6: avx2x4   xor() 16055 MB/s
[   10.953122] raid6: using algorithm avx2x4 gen() 27905 MB/s
[   10.954333] raid6: .... xor() 16055 MB/s, rmw enabled
[   10.955472] raid6: using avx2x2 recovery algorithm
[   10.957724] xor: automatically using best checksumming function   avx       
[   10.960059] async_tx: api initialized (async)
done.
Begin: Running /scripts/init-premount ... done.
Begin: Mounting root file system ... Begin: Running /scripts/local-top ... done.
Begin: Running /scripts/local-premount ... [   11.013199] Btrfs loaded, crc32c=crc32c-intel
Scanning for Btrfs filesystems
done.
Begin: Will now check root file system ... fsck from util-linux 2.31.1
[/sbin/fsck.ext4 (1) -- /dev/sda1] fsck.ext4 -a -C0 /dev/sda1 
cloudimg-rootfs: clean, 100283/5120000 files, 782720/10485499 blocks
done.
[   11.074573] EXT4-fs (sda1): mounted filesystem with ordered data mode. Opts: (null)
done.
Begin: Running /scripts/local-bottom ... done.
Begin: Running /scripts/init-bottom ... done.
[   11.359596] ip_tables: (C) 2000-2006 Netfilter Core Team
[   11.372961] systemd[1]: systemd 237 running in system mode. (+PAM +AUDIT +SELINUX +IMA +APPARMOR +SMACK +SYSVINIT +UTMP +LIBCRYPTSETUP +GCRYPT +GNUTLS +ACL +XZ +LZ4 +SECCOMP +BLKID +ELFUTILS +KMOD -IDN2 +IDN -PCRE2 default-hierarchy=hybrid)
[   11.377159] systemd[1]: Detected virtualization oracle.
[   11.378341] systemd[1]: Detected architecture x86-64.

Welcome to [1mUbuntu 18.04.6 LTS[0m!

[   11.400297] systemd[1]: Set hostname to <web1>.
[   11.848401] systemd[1]: Reached target Mounting snaps.
[[0;32m  OK  [0m] Reached target Mounting snaps.
[   11.851678] systemd[1]: Reached target Mounted snaps.
[[0;32m  OK  [0m] Reached target Mounted snaps.
[   11.855533] systemd[1]: Created slice System Slice.
[[0;32m  OK  [0m] Created slice System Slice.
[   11.858120] systemd[1]: Listening on Network Service Netlink Socket.
[[0;32m  OK  [0m] Listening on Network Service Netlink Socket.
[   11.860700] systemd[1]: Listening on Journal Socket.
[[0;32m  OK  [0m] Listening on Journal Socket.
[   11.864529] systemd[1]: Starting Set the console keyboard layout...
         Starting Set the console keyboard layout...
[[0;32m  OK  [0m] Listening on /dev/initctl Compatibility Named Pipe.
         Mounting POSIX Message Queue File System...
[[0;32m  OK  [0m] Listening on Syslog Socket.
         Mounting Kernel Debug File System...
         Mounting Huge Pages File System...
[[0;32m  OK  [0m] Listening on udev Control Socket.
[[0;32m  OK  [0m] Reached target Swap.
[[0;32m  OK  [0m] Created slice User and Session Slice.
[[0;32m  OK  [0m] Reached target Slices.
[[0;32m  OK  [0m] Listening on fsck to fsckd communication Socket.
[[0;32m  OK  [0m] Created slice system-serial\x2dgetty.slice.
         Starting Uncomplicated firewall...
[[0;32m  OK  [0m] Listening on Journal Socket (/dev/log).
[[0;32m  OK  [0m] Listening on LVM2 poll daemon socket.
[[0;32m  OK  [0m] Reached target User and Group Name Lookups.
[[0;32m  OK  [0m] Started Forward Password Requests to Wall Directory Watch.
[[0;32m  OK  [0m] Listening on udev Kernel Socket.
         Starting Remount Root and Kernel File Systems...
[[0;32m  OK  [0m] Listening on Journal Audit Socket.
         Starting Journal Service...
[[0;32m  OK  [0m] Reached target System Time Synchronized.
         Starting udev Coldplug all Devices...
[[0;32m  OK  [0m] Listening on Device-mapper event daemon FIFOs.
[[0;32m  OK  [0m] Set up automount Arbitrary Executab…rmats File System Automount Point.
[[0;32m  OK  [0m] Listening on LVM2 metadata daemon socket.
         Starting Monitoring of LVM2 mirrors…ng dmeventd or progress polling...
         Starting Create list of required st…ce nodes for the current kernel...
[   11.977826] EXT4-fs (sda1): re-mounted. Opts: (null)
         Starting Load Kernel Modules...
[[0;32m  OK  [0m] Mounted POSIX Message Queue File System.
[[0;32m  OK  [0m] Mounted Kernel Debug File System.
[[0;32m  OK  [0m] Mounted Huge Pages File System.
[[0;32m  OK  [0m] Started Uncomplicated firewall.
[[0;32m  OK  [0m] Started Remount Root and Kernel File Systems.
[[0;32m  OK  [0m] Started Create list of required sta…vice nodes for the current kernel.
         Starting Create Static Device Nodes in /dev...
[   12.017301] Loading iSCSI transport class v2.0-870.
         Starting Load/Save Random Seed...
[[0;32m  OK  [0m] Started Journal Service.
[[0;32m  OK  [0m] Started udev Coldplug all Devices.
[[0;32m  OK  [0m] Started Create Static Device Nodes in /dev.
         Starting udev Kernel Device Manager...
         Starting Flush Journal to Persistent Storage...
[[0;32m  OK  [0m] Started Set the [   12.104159] iscsi: registered transport (tcp)
console keyboard layout.
[   12.126844] iscsi: registered transport (iser)
[[0;32m  OK  [0m] Started Load Kernel Modules.
         Starting Apply Kernel Variables...
         Mounting Kernel Configuration File System...
         Mounting FUSE Control File System...
[[0;32m  OK  [0m] Started Load/Save Random Seed.
[[0;32m  OK  [0m] Mounted Kernel Configuration File System.
[[0;32m  OK  [0m] Mounted FUSE Control File System.
[   12.152313] systemd-journald[422]: Received request to flush runtime journal from PID 1
[[0;32m  OK  [0m] Started udev Kernel Device Manager.
[[0;32m  OK  [0m] Started Dispatch Password Requests to Console Directory Watch.
[[0;32m  OK  [0m] Reached target Local Encrypted Volumes.
[[0;32m  OK  [0m] Started LVM2 metadata daemon.
[[0;32m  OK  [0m] Started Apply Kernel Variables.
[[0;32m  OK  [0m] Started Monitoring of LVM2 mirrors,…sing dmeventd or progress polling.
[[0;32m  OK  [0m] Reached target Local File Systems (Pre).
[[0;32m  OK  [0m] Reached target Local File Systems.
         Starting ebtables ruleset management...
         Starting Tell Plymouth To Write Out Runtime Data...
         Starting Set console font and keymap...
         Starting AppArmor initialization...
[[0;32m  OK  [0m] Started Tell Plymouth To Write Out Runtime Data.
[[0;32m  OK  [0m] Started Set console font and keymap.
[[0;32m  OK  [0m] Found device /dev/ttyS0.
[[0;32m  OK  [0m] Listening on Load/Save RF Kill Switch Status /dev/rfkill Watch.
[[0;32m  OK  [0m] Started Flush Journal to Persistent Storage.
         Starting Create Volatile Files and Directories...
[[0;32m  OK  [0m] Started ebtables ruleset management.
[[0;32m  OK  [0m] Started Create Volatile Files and Directories.
         Starting Update UTMP about System Boot/Shutdown...
[[0;32m  OK  [0m] Started Update UTMP about System Boot/Shutdown.
[[0;32m  OK  [0m] Started AppArmor initialization.
         Mounting Arbitrary Executable File Formats File System...
         Starting Initial cloud-init job (pre-networking)...
         Starting Load AppArmor profiles managed internally by snapd...
[[0;32m  OK  [0m] Mounted Arbitrary Executable File Formats File System.
[[0;32m  OK  [0m] Started Load AppArmor profiles managed internally by snapd.
[   15.703976] cloud-init[571]: Cloud-init v. 23.1.2-0ubuntu0~18.04.1 running 'init-local' at Thu, 29 May 2025 16:27:55 +0000. Up 15.41 seconds.
[[0;32m  OK  [0m] Started Initial cloud-init job (pre-networking).
[[0;32m  OK  [0m] Reached target Network (Pre).
         Starting Network Service...
[[0;32m  OK  [0m] Started Network Service.
         Starting Wait for Network to be Configured...
         Starting Network Name Resolution...
[[0;32m  OK  [0m] Started Network Name Resolution.
[[0;32m  OK  [0m] Reached target Host and Network Name Lookups.
[[0;32m  OK  [0m] Reached target Network.
[[0;32m  OK  [0m] Started Wait for Network to be Configured.
         Starting Initial cloud-init job (metadata service crawler)...
[   19.395709] cloud-init[679]: Cloud-init v. 23.1.2-0ubuntu0~18.04.1 running 'init' at Thu, 29 May 2025 16:27:59 +0000. Up 19.03 seconds.
[   19.478769] cloud-init[679]: ci-info: +++++++++++++++++++++++++++++++++++++++++++Net device info++++++++++++++++++++++++++++++++++++++++++++
[   19.480804] cloud-init[679]: ci-info: +--------+------+---------------------------------------+---------------+--------+-------------------+
[   19.482547] cloud-init[679]: ci-info: | Device |  Up  |                Address                |      Mask     | Scope  |     Hw-Address    |
[   19.484469] cloud-init[679]: ci-info: +--------+------+---------------------------------------+---------------+--------+-------------------+
[   19.486443] cloud-init[679]: ci-info: | enp0s3 | True |               10.0.2.15               | 255.255.255.0 | global | 02:3b:7b:b7:3b:2d |
[   19.493675] cloud-init[679]: ci-info: | enp0s3 | True | fd17:625c:f037:2:3b:7bff:feb7:3b2d/64 |       .       | global | 02:3b:7b:b7:3b:2d |
[   19.508235] cloud-init[679]: ci-info: | enp0s3 | True |       fe80::3b:7bff:feb7:3b2d/64      |       .       |  link  | 02:3b:7b:b7:3b:2d |
[   19.510862] cloud-init[679]: ci-info: | enp0s8 | True |             192.168.56.11             | 255.255.255.0 | global | 08:00:27:2b:ff:2b |
[   19.513889] cloud-init[679]: ci-info: | enp0s8 | True |      fe80::a00:27ff:fe2b:ff2b/64      |       .       |  link  | 08:00:27:2b:ff:2b |
[   19.516469] cloud-init[679]: ci-info: |   lo   | True |               127.0.0.1               |   255.0.0.0   |  host  |         .         |
[   19.518732] cloud-init[679]: ci-info: |   lo   | True |                ::1/128                |       .       |  host  |         .         |
[   19.520966] cloud-init[679]: ci-info: +--------+------+---------------------------------------+---------------+--------+-------------------+
[   19.523779] cloud-init[679]: ci-info: +++++++++++++++++++++++++++++Route IPv4 info+++++++++++++++++++++++++++++
[   19.525948] cloud-init[679]: ci-info: +-------+--------------+----------+-----------------+-----------+-------+
[   19.528230] cloud-init[679]: ci-info: | Route | Destination  | Gateway  |     Genmask     | Interface | Flags |
[   19.530647] cloud-init[679]: ci-info: +-------+--------------+----------+-----------------+-----------+-------+
[   19.533084] cloud-init[679]: ci-info: |   0   |   0.0.0.0    | 10.0.2.2 |     0.0.0.0     |   enp0s3  |   UG  |
[   19.535385] cloud-init[679]: ci-info: |   1   |   10.0.2.0   | 0.0.0.0  |  255.255.255.0  |   enp0s3  |   U   |
[   19.537608] cloud-init[679]: ci-info: |   2   |   10.0.2.2   | 0.0.0.0  | 255.255.255.255 |   enp0s3  |   UH  |
[   19.540453] cloud-init[679]: ci-info: |   3   | 192.168.56.0 | 0.0.0.0  |  255.255.255.0  |   enp0s8  |   U   |
[   19.543068] cloud-init[679]: ci-info: +-------+--------------+----------+-----------------+-----------+-------+
[   19.545692] cloud-init[679]: ci-info: ++++++++++++++++++++++++Route IPv6 info++++++++++++++++++++++++
[   19.548148] cloud-init[679]: ci-info: +-------+-----------------------+---------+-----------+-------+
[   19.550488] cloud-init[679]: ci-info: | Route |      Destination      | Gateway | Interface | Flags |
[   19.552655] cloud-init[679]: ci-info: +-------+-----------------------+---------+-----------+-------+
[   19.554924] cloud-init[679]: ci-info: |   1   | fd17:625c:f037:2::/64 |    ::   |   enp0s3  |   U   |
[   19.556752] cloud-init[679]: ci-info: |   2   |       fe80::/64       |    ::   |   enp0s3  |   U   |
[   19.559899] cloud-init[679]: ci-info: |   3   |       fe80::/64       |    ::   |   enp0s8  |   U   |
[   19.562759] cloud-init[679]: ci-info: |   4   |          ::/0         | fe80::2 |   enp0s3  |   UG  |
[   19.565323] cloud-init[679]: ci-info: |   6   |         local         |    ::   |   enp0s3  |   U   |
[   19.567504] cloud-init[679]: ci-info: |   7   |         local         |    ::   |   enp0s8  |   U   |
[   19.573161] cloud-init[679]: ci-info: |   8   |        ff00::/8       |    ::   |   enp0s3  |   U   |
[   19.575409] cloud-init[679]: ci-info: |   9   |        ff00::/8       |    ::   |   enp0s8  |   U   |
[   19.578670] cloud-init[679]: ci-info: +-------+-----------------------+---------+-----------+-------+
[[0;32m  OK  [0m] Started Initial cloud-init job (metadata service crawler).
[[0;32m  OK  [0m] Reached target System Initialization.
[[0;32m  OK  [0m] Listening on UUID daemon activation socket.
[[0;32m  OK  [0m] Started Ubuntu Advantage Timer for running repeated jobs.
[[0;32m  OK  [0m] Listening on Open-iSCSI iscsid Socket.
[[0;32m  OK  [0m] Listening on cloud-init hotplug hook socket.
[[0;32m  OK  [0m] Started Discard unused blocks once a week.
[[0;32m  OK  [0m] Started Message of the Day.
[[0;32m  OK  [0m] Listening on ACPID Listen Socket.
[[0;32m  OK  [0m] Listening on D-Bus System Message Bus Socket.
[[0;32m  OK  [0m] Started Daily apt download activities.
[[0;32m  OK  [0m] Started Daily apt upgrade and clean activities.
         Starting Socket activation for snappy daemon.
[[0;32m  OK  [0m] Started Daily Cleanup of Temporary Directories.
         Starting LXD - unix socket.
[[0;32m  OK  [0m] Started ACPI Events Check.
[[0;32m  OK  [0m] Started Clean PHP session files every 30 mins.
[[0;32m  OK  [0m] Reached target Paths.
[[0;32m  OK  [0m] Reached target Timers.
[[0;32m  OK  [0m] Reached target Network is Online.
         Starting Availability of block devices...
[[0;32m  OK  [0m] Reached target Remote File Systems (Pre).
         Mounting /vagrant...
[[0;32m  OK  [0m] Reached target Cloud-config availability.
[[0;32m  OK  [0m] Listening on Socket activation for snappy daemon.
[[0;32m  OK  [0m] Listening on LXD - unix socket.
[[0;32m  OK  [0m] Started Availability of block devices.
[[0;32m  OK  [0m] Reached target Sockets.
[[0;32m  OK  [0m] Reached target Basic System.
[[0;32m  OK  [0m] Started Deferred execution scheduler.
         Starting Accounts Service...
[[0;32m  OK  [0m] Started D-Bus System Message Bus.
[[0;32m  OK  [0m] Started FUSE filesystem for LXC.
         Starting LSB: Record successful boot for GRUB...
[[0;32m  OK  [0m] Started Regular background program processing daemon.
[[0;32m  OK  [0m] Started irqbalance daemon.
         Starting LXD - container startup/shutdown...
[[0;32m  OK  [0m] Started Node Exporter.
         Starting Dispatcher daemon for systemd-networkd...
[[0;32m  OK  [0m] Reached target Login Prompts (Pre).
         Starting Login Service...
         Starting OpenBSD Secure Shell server...
         Starting Snap Daemon...
         Starting System Logging Service...
         Starting Virtualbox guest utils...
[[0;32m  OK  [0m] Mounted /vagrant.
         Starting Authorization Manager...
         Starting Hostname Service...
[[0;32m  OK  [0m] Reached target Remote File Systems.
         Starting LSB: automatic crash report generation...
         Starting The Apache HTTP Server...
         Starting Permit User Sessions...
[[0;32m  OK  [0m] Started Login Service.
[[0;32m  OK  [0m] Started Unattended Upgrades Shutdown.
[[0;32m  OK  [0m] Started System Logging Service.
[[0;32m  OK  [0m] Started Permit User Sessions.
         Starting Terminate Plymouth Boot Screen...
         Starting Hold until boot process finishes up...
[[0;32m  OK  [0m] Started Hold until boot process finishes up.
[[0;32m  OK  [0m] Started Serial Getty on ttyS0.
         Starting Set console scheme...
[[0;32m  OK  [0m] Started Terminate Plymouth Boot Screen.
[[0;32m  OK  [0m] Started Hostname Service.
[[0;32m  OK  [0m] Started Set console scheme.
[[0;32m  OK  [0m] Created slice system-getty.slice.
[[0;32m  OK  [0m] Started Getty on tty1.
[[0;32m  OK  [0m] Reached target Login Prompts.
[[0;32m  OK  [0m] Started OpenBSD Secure Shell server.
[[0;32m  OK  [0m] Started LSB: Record successful boot for GRUB.
[[0;32m  OK  [0m] Started Authorization Manager.
[[0;32m  OK  [0m] Started LSB: automatic crash report generation.
[[0;32m  OK  [0m] Started Virtualbox guest utils.
[[0;32m  OK  [0m] Started Accounts Service.
[[0;32m  OK  [0m] Started LXD - container startup/shutdown.
[[0;32m  OK  [0m] Created slice User Slice of vagrant.
[[0;32m  OK  [0m] Started The Apache HTTP Server.
         Starting User Manager for UID 1000...
[[0;32m  OK  [0m] Started Session 1 of user vagrant.
[[0;32m  OK  [0m] Started Dispatcher daemon for systemd-networkd.
[[0;32m  OK  [0m] Started User Manager for UID 1000.
[[0;32m  OK  [0m] Started Snap Daemon.
         Starting Wait until snapd is fully seeded...
         Starting Time & Date Service...
[[0;32m  OK  [0m] Started Time & Date Service.
[[0;32m  OK  [0m] Started Wait until snapd is fully seeded.
         Starting Apply the settings specified in cloud-config...
[   23.390107] cloud-init[1262]: Cloud-init v. 23.1.2-0ubuntu0~18.04.1 running 'modules:config' at Thu, 29 May 2025 16:28:03 +0000. Up 23.20 seconds.
[[0;32m  OK  [0m] Started Apply the settings specified in cloud-config.
[[0;32m  OK  [0m] Reached target Multi-User System.
[[0;32m  OK  [0m] Reached target Graphical Interface.
         Starting Update UTMP about System Runlevel Changes...
         Starting Execute cloud user/final scripts...
[[0;32m  OK  [0m] Started Update UTMP about System Runlevel Changes.
[   24.437165] cloud-init[1344]: Cloud-init v. 23.1.2-0ubuntu0~18.04.1 running 'modules:final' at Thu, 29 May 2025 16:28:04 +0000. Up 24.21 seconds.
[   24.439524] cloud-init[1344]: Cloud-init v. 23.1.2-0ubuntu0~18.04.1 finished at Thu, 29 May 2025 16:28:04 +0000. Datasource DataSourceNoCl[[0;32m  OK  [0m] Stopped Unattended Upgrades Shutdown.
[[0;32m  OK  [0m] Stopped target Host and Network Name Lookups.
[[0;32m  OK  [0m] Stopped target Timers.
[[0;32m  OK  [0m] Stopped Discard unused block[[0;32m  OK  [0m] Stopped target Cloud-init target.
[[0;32m  OK  [0m] Stopped Execute cloud user/final scripts.
[[0;32m  OK  [0m] Stopped Apply the settings specified in cloud-config.
         Stopping Availability of block devices...
[[0;32m  OK  [0m] Closed Load/Save RF Kill Switch Status /dev/rfkill Watch.
         Stopping User Manager for UID 1000...
[[0;32m  OK  [0m] Stopped target Graphical Interface.
         Stopping Node Exporter...
         Stopping Accounts Service...
[[0;32m  OK  [0m] Stopped target Timers.
[[0;32m  OK  [0m] Stopped Clean PHP session files every 30 mins.
[[0;32m  OK  [0m] Stopped Daily apt upgrade and clean activities.
[[0;32m  OK  [0m] Stopped Message of the Day.
[[0;32m  OK  [0m] Stopped Daily apt download activities.
[[0;32m  OK  [0m] Stopped Ubuntu Advantage Timer for running repeated jobs.
[[0;32m  OK  [0m] Stopped Discard unused blocks once a week.
[[0;32m  OK  [0m] Stopped Daily Cleanup of Temporary Directories.
         Stopping Authorization Manager...
[[0;32m  OK  [0m] Stopped target Multi-User System.
         Stopping LXD - container startup/shutdown...
         Stopping LSB: Record successful boot for GRUB...
         Stopping FUSE filesystem for LXC...
         Stopping Dispatcher daemon for systemd-networkd...
         Stopping irqbalance daemon...
[[0;32m  OK  [0m] Stopped target Login Prompts.
                  Stopping Getty on tty1...
         Stopping Virtualbox guest utils...
         Stopping Deferred execution scheduler...
         Stopping The Apache HTTP Server...
         Stopping D-Bus System Message Bus...
         Stopping System Logging Service...
         Stopping Regular background program processing daemon...
         Stopping OpenBSD Secure Shell server...
         Stopping LSB: automatic crash report generation...
[[0;32m  OK  [0m] Stopped target System Time Synchronized.
[[0;32m  OK  [0m] Stopped Wait until snapd is fully seeded.
         Stopping Session 3 of user vagrant.
[[0;32m  OK  [0m] Stopped target Cloud-config availability.
[[0;32m  OK  [0m] Unmounted /var/lib/lxcfs.
[[0;32m  OK  [0m] Stopped Deferred execution scheduler.
[[0;32m  OK  [0m] Stopped Accounts Service.
[[0;32m  OK  [0m] Stopped Regular background program processing daemon.
[[0;32m  OK  [0m] Stopped irqbalance daemon.
[[0;32m  OK  [0m] Stopped Node Exporter.
[[0;32m  OK  [0m] Stopped Dispatcher daemon for systemd-networkd.
[[0;32m  OK  [0m] Stopped System Logging Service.
[[0;32m  OK  [0m] Stopped Authorization Manager.
[[0;32m  OK  [0m] Stopped Serial Getty on ttyS0.
[[0;32m  OK  [0m] Stopped Getty on tty1.
[[0;32m  OK  [0m] Stopped OpenBSD Secure Shell server.
[[0;32m  OK  [0m] Stopped User Manager for UID 1000.
[[0;32m  OK  [0m] Stopped D-Bus System Message Bus.
[[0;32m  OK  [0m] Stopped FUSE filesystem for LXC.
[[0;32m  OK  [0m] Stopped Session 3 of user vagrant.
[[0;32m  OK  [0m] Stopped Availability of block devices.
[[0;32m  OK  [0m] Removed slice User Slice of vagrant.
         Stopping Login Service...
[[0;32m  OK  [0m] Removed slice system-getty.slice.
         Stopping Permit User Sessions...
[[0;32m  OK  [0m] Stopped target Login Prompts (Pre).
[[0;32m  OK  [0m] Removed slice system-serial\x2dgetty.slice.
[[0;32m  OK  [0m] Stopped LSB: Record successful boot for GRUB.
[[0;32m  OK  [0m] Stopped Permit User Sessions.
[[0;32m  OK  [0m] Stopped LXD - container startup/shutdown.
[[0;32m  OK  [0m] Stopped LSB: automatic crash report generation.
[[0;32m  OK  [0m] Stopped Virtualbox guest utils.
[[0;32m  OK  [0m] Stopped The Apache HTTP Server.
[[0;32m  OK  [0m] Stopped target Host and Network Name Lookups.
[[0;32m  OK  [0m] Stopped target Remote File Systems.
         Unmounting /vagrant...
[[0;32m  OK  [0m] Stopped Login Service.
[[0;32m  OK  [0m] Stopped target Basic System.
[[0;32m  OK  [0m] Stopped target Sockets.
[[0;32m  OK  [0m] Closed Socket activation for snappy daemon.
[[0;32m  OK  [0m] Closed cloud-init hotplug hook socket.
[[0;32m  OK  [0m] Closed Open-iSCSI iscsid Socket.
[[0;32m  OK  [0m] Closed UUID daemon activation socket.
[[0;32m  OK  [0m] Closed ACPID Listen Socket.
[[0;32m  OK  [0m] Closed Syslog Socket.
[[0;32m  OK  [0m] Closed LXD - unix socket.
[[0;32m  OK  [0m] Stopped target Paths.
[[0;32m  OK  [0m] Stopped ACPI Events Check.
[[0;32m  OK  [0m] Stopped target Slices.
[[0;32m  OK  [0m] Removed slice User and Session Slice.
[[0;32m  OK  [0m] Closed D-Bus System Message Bus Socket.
[[0;32m  OK  [0m] Stopped target System Initialization.
         Stopping Load/Save Random Seed...
[[0;32m  OK  [0m] Stopped target Local Encrypted Volumes.
[[0;32m  OK  [0m] Stopped Dispatch Password Requests to Console Directory Watch.
[[0;32m  OK  [0m] Stopped Forward Password Requests to Wall Directory Watch.
         Stopping Update UTMP about System Boot/Shutdown...
[[0;32m  OK  [0m] Stopped target User and Group Name Lookups.
[[0;32m  OK  [0m] Stopped Load/Save Random Seed.
[[0;32m  OK  [0m] Stopped Update UTMP about System Boot/Shutdown.
[[0;32m  OK  [0m] Unmounted /vagrant.
[[0;32m  OK  [0m] Stopped target Network is Online.
[[0;32m  OK  [0m] Stopped Initial cloud-init job (metadata service crawler).
[[0;32m  OK  [0m] Stopped target Network.
         Stopping Network Name Resolution...
[[0;32m  OK  [0m] Stopped target Remote File Systems (Pre).
[[0;32m  OK  [0m] Stopped Network Name Resolution.
[[0;32m  OK  [0m] Stopped Create Volatile Files and Directories.
[[0;32m  OK  [0m] Stopped target Local File Systems.
         Unmounting /run/user/1000...
[[0;32m  OK  [0m] Stopped target Mounted snaps.
[[0;32m  OK  [0m] Stopped target Mounting snaps.
         Stopping Network Service...
[[0;32m  OK  [0m] Unmounted /run/user/1000.
[[0;32m  OK  [0m] Reached target Unmount All Filesystems.
[[0;32m  OK  [0m] Stopped target Local File Systems (Pre).
         Stopping Monitoring of LVM2 mirrors…ng dmeventd or progress polling...
[[0;32m  OK  [0m] Stopped Create Static Device Nodes in /dev.
[[0;32m  OK  [0m] Stopped target Swap.
[[0;32m  OK  [0m] Stopped Monitoring of LVM2 mirrors,…sing dmeventd or progress polling.
         Stopping LVM2 metadata daemon...
[[0;32m  OK  [0m] Stopped LVM2 metadata daemon.
[[0;32m  OK  [0m] Stopped Network Service.
[[0;32m  OK  [0m] Stopped target Network (Pre).
[[0;32m  OK  [0m] Stopped Initial cloud-init job (pre-networking).
[[0;32m  OK  [0m] Stopped Remount Root and Kernel File Systems.
[[0;32m  OK  [0m] Stopped Apply Kernel Variables.
[[0;32m  OK  [0m] Stopped Load Kernel Modules.
[[0;32m  OK  [0m] Reached target Shutdown.
[[0;32m  OK  [0m] Reached target Final Step.
         Starting Power-Off...
[  181.113890] reboot: Power down
[0;32m  OK  [0m] Closed cloud-init hotplug hook socket.
[[0;32m  OK  [0m] Stopped target Slices.
[[0;32m  OK  [0m] Removed slice User and Session Slice.
[[0;32m  OK  [0m] Closed D-Bus System Message Bus Socket.
[[0;32m  OK  [0m] Stopped target System Initialization.
[[0;32m  OK  [0m] Stopped target Local Encrypted Volumes.
[[0;32m  OK  [0m] Stopped Dispatch Password Requests to Console Directory Watch.
[[0;32m  OK  [0m] Stopped Forward Password Requests to Wall Directory Watch.
         Stopping Update UTMP about System Boot/Shutdown...
[[0;32m  OK  [0m] Stopped Initial cloud-init job (metadata service crawler).
         Stopping Network Time Synchronization...
         Stopping Load/Save Random Seed...
[[0;32m  OK  [0m] Stopped Network Service.
[[0;32m  OK  [0m] Stopped Apply Kernel Variables.
[[0;32m  OK  [0m] Stopped Load Kernel Modules.
[[0;32m  OK  [0m] Stopped target Network (Pre).
[[0;32m  OK  [0m] Stopped Initial cloud-init job (pre-networking).
[[0;32m  OK  [0m] Stopped Load/Save Random Seed.
[[0;32m  OK  [0m] Stopped Update UTMP about System Boot/Shutdown.
[[0;32m  OK  [0m] Stopped Network Time Synchronization.
[[0;32m  OK  [0m] Stopped Create Volatile Files and Directories.
[[0;32m  OK  [0m] Stopped target Local File Systems.
[[0;32m  OK  [0m] Stopped target Mounted snaps.
[[0;32m  OK  [0m] Stopped target Mounting snaps.
         Unmounting /run/user/115...
         Unmounting /run/user/1000...
[[0;32m  OK  [0m] Unmounted /run/user/1000.
[[0;32m  OK  [0m] Unmounted /run/user/115.
[[0;32m  OK  [0m] Reached target Unmount All Filesystems.
[[0;32m  OK  [0m] Stopped target Swap.
[[0;32m  OK  [0m] Stopped target Local File Systems (Pre).
         Stopping Monitoring of LVM2 mirrors…ng dmeventd or progress polling...
[[0;32m  OK  [0m] Stopped Create Static Device Nodes in /dev.
[[0;32m  OK  [0m] Stopped Remount Root and Kernel File Systems.
[[0;32m  OK  [0m] Reached target Shutdown.
[[0;32m  OK  [0m] Reached target Final Step.
         Starting Power-Off...
[  471.730603] reboot: Power down
